#                  COMPLEX                RECEPTOR                  LIGAND        
#          ----------------------- ----------------------- -----------------------
#                  MEAN        STD         MEAN        STD         MEAN        STD
#          ======================= ======================= =======================
ELE            -6585.24      99.62     -6301.97      98.66      -244.72       2.48
VDW             -736.98      23.15      -691.97      22.75        17.03       2.14
INT             4233.19      37.58      4110.93      37.82       122.26       5.84
GAS            -3089.03      96.82     -2883.01      95.60      -105.43       5.49
PBSUR             44.80       0.91        45.95       0.90         4.29       0.06
PBCAL          -2763.97      86.59     -2795.40      85.07       -33.77       1.67
PBSOL          -2719.17      86.34     -2749.45      84.82       -29.48       1.64
PBELE          -9349.21      31.48     -9097.37      31.31      -278.49       2.28
PBTOT          -5808.20      38.50     -5632.45      38.16      -134.91       5.22
GBSUR             40.71       1.12        42.83       1.13         3.06       0.03
GB             -2896.58      87.00     -2924.85      85.72       -28.29       1.19
GBSOL          -2855.88      86.79     -2882.02      85.52       -25.23       1.18
GBELE          -9481.83      27.29     -9226.82      26.96      -273.00       2.14
GBTOT          -5944.91      36.44     -5765.03      36.07      -130.66       5.32

#                    DELTA        
#          -----------------------
#                  MEAN        STD
#          =======================
ELE              -38.55       5.90
VDW              -62.05       4.06
INT               -0.00       0.00
GAS             -100.60       7.47
PBSUR             -5.44       0.15
PBCAL             65.20       5.99
PBSOL             59.76       5.98
PBELE             26.65       4.68
PBTOT            -40.84       4.54
GBSUR             -5.18       0.22
GB                56.55       5.55
GBSOL             51.37       5.47
GBELE             18.00       3.71
GBTOT            -49.22       4.38
