#                  COMPLEX                RECEPTOR                  LIGAND        
#          ----------------------- ----------------------- -----------------------
#                  MEAN        STD         MEAN        STD         MEAN        STD
#          ======================= ======================= =======================
ELE            -6475.54     128.61     -6197.39     128.42      -240.70       2.68
VDW             -742.86      21.33      -693.56      21.04        18.05       2.89
INT             4250.78      39.62      4121.88      38.35       128.91       5.94
GAS            -2967.62     133.55     -2769.07     132.35       -93.75       6.25
PBSUR             45.05       1.17        46.37       1.16         4.28       0.05
PBCAL          -2811.72     110.42     -2843.57     109.86       -33.09       1.40
PBSOL          -2766.66     109.94     -2797.20     109.39       -28.81       1.38
PBELE          -9287.26      37.43     -9040.95      37.36      -273.80       2.20
PBTOT          -5734.28      47.73     -5566.27      46.28      -122.56       6.06
GBSUR             41.13       1.28        43.40       1.28         3.19       0.03
GB             -2969.06     112.78     -2998.58     112.26       -28.41       1.12
GBSOL          -2927.93     112.36     -2955.19     111.88       -25.22       1.11
GBELE          -9444.60      28.07     -9195.97      28.03      -269.11       2.21
GBTOT          -5895.55      43.14     -5724.26      41.64      -118.97       6.16

#                    DELTA        
#          -----------------------
#                  MEAN        STD
#          =======================
ELE              -37.46       5.98
VDW              -67.34       3.79
INT                0.00       0.00
GAS             -104.80       6.81
PBSUR             -5.60       0.12
PBCAL             64.94       5.66
PBSOL             59.34       5.64
PBELE             27.49       4.59
PBTOT            -45.45       4.62
GBSUR             -5.46       0.17
GB                57.94       5.00
GBSOL             52.48       4.93
GBELE             20.48       3.48
GBTOT            -52.32       3.96
