#                  COMPLEX                RECEPTOR                  LIGAND        
#          ----------------------- ----------------------- -----------------------
#                  MEAN        STD         MEAN        STD         MEAN        STD
#          ======================= ======================= =======================
ELE            -6797.16     100.51     -6527.68     100.66      -234.95       2.26
VDW             -727.03      19.59      -688.78      19.41        14.79       1.96
INT             4231.07      37.26      4130.25      36.83       100.82       5.73
GAS            -3293.12     105.01     -3086.21     104.96      -119.34       5.88
PBSUR             43.27       0.81        44.26       0.80         4.07       0.08
PBCAL          -2623.82      94.53     -2649.64      93.88       -32.98       1.57
PBSOL          -2580.55      94.12     -2605.38      93.48       -28.91       1.53
PBELE          -9420.98      44.53     -9177.32      44.33      -267.94       1.98
PBTOT          -5873.67      46.14     -5691.59      45.48      -148.25       5.59
GBSUR             39.57       1.15        41.17       1.13         2.94       0.04
GB             -2787.54      89.40     -2808.39      89.50       -28.15       1.18
GBSOL          -2747.97      88.92     -2767.22      89.04       -25.21       1.17
GBELE          -9584.70      26.88     -9336.07      26.76      -263.10       1.87
GBTOT          -6041.09      37.49     -5853.43      36.35      -144.55       5.65

#                    DELTA        
#          -----------------------
#                  MEAN        STD
#          =======================
ELE              -34.53       5.32
VDW              -53.04       3.29
INT               -0.00       0.00
GAS              -87.57       5.45
PBSUR             -5.06       0.17
PBCAL             58.81       4.71
PBSOL             53.75       4.64
PBELE             24.28       4.77
PBTOT            -33.82       4.11
GBSUR             -4.54       0.18
GB                49.00       4.03
GBSOL             44.47       3.99
GBELE             14.47       3.37
GBTOT            -43.10       3.71
