#                  COMPLEX                RECEPTOR                  LIGAND        
#          ----------------------- ----------------------- -----------------------
#                  MEAN        STD         MEAN        STD         MEAN        STD
#          ======================= ======================= =======================
ELE            -6633.34      77.23     -6374.95      77.24      -230.44       2.11
VDW             -736.27      20.88      -683.00      20.59        17.31       2.55
INT             4236.37      39.10      4112.57      38.70       123.80       6.08
GAS            -3133.24      85.50     -2945.38      84.93       -89.33       5.76
PBSUR             44.28       0.84        45.60       0.88         4.15       0.05
PBCAL          -2634.96      69.68     -2672.08      69.79       -26.33       0.64
PBSOL          -2590.68      69.23     -2626.48      69.32       -22.18       0.65
PBELE          -9268.31      29.55     -9047.03      29.51      -256.77       2.11
PBTOT          -5723.92      41.16     -5571.85      40.66      -111.51       5.62
GBSUR             40.99       0.99        43.21       0.98         3.01       0.04
GB             -2778.22      69.48     -2812.72      69.65       -21.74       0.72
GBSOL          -2737.22      69.05     -2769.51      69.22       -18.72       0.71
GBELE          -9411.56      22.46     -9187.67      22.41      -252.18       1.99
GBTOT          -5870.46      39.38     -5714.89      38.88      -108.06       5.71

#                    DELTA        
#          -----------------------
#                  MEAN        STD
#          =======================
ELE              -27.95       5.54
VDW              -70.58       3.00
INT               -0.00       0.00
GAS              -98.53       6.29
PBSUR             -5.47       0.14
PBCAL             63.45       4.70
PBSOL             57.98       4.73
PBELE             35.50       3.69
PBTOT            -40.55       4.53
GBSUR             -5.23       0.13
GB                56.24       4.64
GBSOL             51.01       4.60
GBELE             28.28       2.63
GBTOT            -47.52       3.57
