#                  COMPLEX                RECEPTOR                  LIGAND        
#          ----------------------- ----------------------- -----------------------
#                  MEAN        STD         MEAN        STD         MEAN        STD
#          ======================= ======================= =======================
ELE            -6619.29      99.77     -6387.95      99.72      -209.83       2.68
VDW             -732.90      21.61      -688.28      20.98        16.18       2.40
INT             4205.54      36.63      4120.15      36.36        85.39       5.92
GAS            -3146.65     100.29     -2956.08      99.84      -108.26       5.75
PBSUR             44.64       1.08        45.77       1.10         4.00       0.03
PBCAL          -2618.47      84.29     -2650.26      84.60       -29.03       1.64
PBSOL          -2573.82      83.91     -2604.50      84.23       -25.03       1.63
PBELE          -9237.75      34.65     -9038.22      33.52      -238.86       2.03
PBTOT          -5720.47      42.22     -5560.58      41.33      -133.29       5.53
GBSUR             40.92       1.26        42.98       1.22         2.85       0.02
GB             -2777.86      85.72     -2803.25      86.04       -24.54       1.22
GBSOL          -2736.95      85.32     -2760.27      85.65       -21.69       1.22
GBELE          -9397.15      26.94     -9191.20      26.55      -234.37       2.03
GBTOT          -5883.59      38.62     -5716.35      37.97      -129.95       5.58

#                    DELTA        
#          -----------------------
#                  MEAN        STD
#          =======================
ELE              -21.50       5.72
VDW              -60.80       3.59
INT                0.00       0.00
GAS              -82.31       6.96
PBSUR             -5.12       0.15
PBCAL             60.83       6.70
PBSOL             55.70       6.69
PBELE             39.32       4.74
PBTOT            -26.60       4.70
GBSUR             -4.92       0.19
GB                49.92       5.48
GBSOL             45.01       5.40
GBELE             28.42       2.81
GBTOT            -37.30       3.61
