#                  COMPLEX                RECEPTOR                  LIGAND        
#          ----------------------- ----------------------- -----------------------
#                  MEAN        STD         MEAN        STD         MEAN        STD
#          ======================= ======================= =======================
ELE            -6717.10     102.41     -6438.40     103.23      -243.28       3.06
VDW             -734.06      23.66      -692.20      23.14        17.55       2.47
INT             4257.14      38.26      4134.11      38.05       123.03       6.00
GAS            -3194.03     104.40     -2996.49     104.53      -102.71       6.40
PBSUR             44.15       0.96        45.28       0.99         4.26       0.07
PBCAL          -2705.03      89.28     -2737.83      89.97       -33.02       1.93
PBSOL          -2660.88      88.82     -2692.55      89.51       -28.76       1.89
PBELE          -9422.13      33.65     -9176.23      33.07      -276.30       2.26
PBTOT          -5854.91      43.79     -5689.04      43.09      -131.47       5.92
GBSUR             40.31       1.13        42.24       1.15         3.04       0.03
GB             -2860.99      89.41     -2889.13      90.14       -27.69       1.35
GBSOL          -2820.67      88.92     -2846.90      89.67       -24.65       1.33
GBELE          -9578.09      26.36     -9327.53      26.05      -270.97       2.32
GBTOT          -6014.70      40.37     -5843.38      39.70      -127.36       6.09

#                    DELTA        
#          -----------------------
#                  MEAN        STD
#          =======================
ELE              -35.42       6.43
VDW              -59.41       4.61
INT               -0.00       0.00
GAS              -94.83       7.79
PBSUR             -5.39       0.20
PBCAL             65.82       6.04
PBSOL             60.43       5.95
PBELE             30.40       6.00
PBTOT            -34.40       5.70
GBSUR             -4.97       0.29
GB                55.84       5.24
GBSOL             50.87       5.10
GBELE             20.42       4.04
GBTOT            -43.96       4.31
